mode: set
esep/grade-calculator/grade_calculator.go:25.37,27.2 1 1
esep/grade-calculator/grade_calculator.go:35.44,41.2 1 1
esep/grade-calculator/grade_calculator.go:43.51,46.9 2 1
esep/grade-calculator/grade_calculator.go:47.23,48.13 1 1
esep/grade-calculator/grade_calculator.go:49.23,50.13 1 1
esep/grade-calculator/grade_calculator.go:51.23,52.13 1 1
esep/grade-calculator/grade_calculator.go:53.23,54.13 1 1
esep/grade-calculator/grade_calculator.go:55.10,56.13 1 1
esep/grade-calculator/grade_calculator.go:62.56,64.32 2 1
esep/grade-calculator/grade_calculator.go:64.32,66.3 1 1
esep/grade-calculator/grade_calculator.go:67.2,67.26 1 1
esep/grade-calculator/grade_calculator.go:67.26,69.3 1 1
esep/grade-calculator/grade_calculator.go:70.2,70.27 1 1
esep/grade-calculator/grade_calculator.go:70.27,72.3 1 1
esep/grade-calculator/grade_calculator.go:73.2,73.27 1 1
esep/grade-calculator/grade_calculator.go:76.82,77.19 1 1
esep/grade-calculator/grade_calculator.go:78.18,79.93 1 1
esep/grade-calculator/grade_calculator.go:80.12,81.75 1 1
esep/grade-calculator/grade_calculator.go:82.13,83.78 1 1
esep/grade-calculator/grade_calculator.go:87.62,94.2 4 1
esep/grade-calculator/grade_calculator.go:96.45,97.22 1 1
esep/grade-calculator/grade_calculator.go:97.22,99.3 1 1
esep/grade-calculator/grade_calculator.go:100.2,101.27 2 1
esep/grade-calculator/grade_calculator.go:101.27,103.3 1 1
esep/grade-calculator/grade_calculator.go:104.2,104.44 1 1
